# JRE version: Java(TM) SE Runtime Environment (8.0_74-b02) (build 1.8.0_74-b02)
# Java VM: Java HotSpot(TM) 64-Bit Server VM (25.74-b02 mixed mode windows-amd64 compressed oops)
Heap:
 PSYoungGen      total 853504K, used 606408K [0x0000000755f00000, 0x000000079d300000, 0x00000007c0000000)
  eden space 819712K, 69% used [0x0000000755f00000,0x0000000778e3a2e8,0x0000000787f80000)
  from space 33792K, 99% used [0x000000078cb00000,0x000000078ebf8020,0x000000078ec00000)
  to   space 77312K, 0% used [0x0000000787f80000,0x0000000787f80000,0x000000078cb00000)
 ParOldGen       total 305664K, used 238376K [0x0000000681c00000, 0x0000000694680000, 0x0000000755f00000)
  object space 305664K, 77% used [0x0000000681c00000,0x00000006904ca2d8,0x0000000694680000)
 Metaspace       used 36988K, capacity 38230K, committed 38528K, reserved 1083392K
  class space    used 4992K, capacity 5233K, committed 5248K, reserved 1048576K
GC Heap History (10 events):
Event: 13.818 GC heap before
{Heap before GC invocations=17 (full 3):
 PSYoungGen      total 616448K, used 565760K [0x0000000755f00000, 0x000000078fd80000, 0x00000007c0000000)
  eden space 565760K, 100% used [0x0000000755f00000,0x0000000778780000,0x0000000778780000)
  from space 50688K, 0% used [0x0000000778780000,0x0000000778780000,0x000000077b900000)
  to   space 51712K, 0% used [0x000000078cb00000,0x000000078cb00000,0x000000078fd80000)
 ParOldGen       total 305664K, used 106643K [0x0000000681c00000, 0x0000000694680000, 0x0000000755f00000)
  object space 305664K, 34% used [0x0000000681c00000,0x0000000688424d98,0x0000000694680000)
 Metaspace       used 36963K, capacity 38214K, committed 38528K, reserved 1083392K
  class space    used 4988K, capacity 5233K, committed 5248K, reserved 1048576K
Event: 13.855 GC heap after
Heap after GC invocations=17 (full 3):
 PSYoungGen      total 822784K, used 33600K [0x0000000755f00000, 0x000000078ec00000, 0x00000007c0000000)
  eden space 788992K, 0% used [0x0000000755f00000,0x0000000755f00000,0x0000000786180000)
  from space 33792K, 99% used [0x000000078cb00000,0x000000078ebd0000,0x000000078ec00000)
  to   space 52224K, 0% used [0x0000000788600000,0x0000000788600000,0x000000078b900000)
 ParOldGen       total 305664K, used 106643K [0x0000000681c00000, 0x0000000694680000, 0x0000000755f00000)
  object space 305664K, 34% used [0x0000000681c00000,0x0000000688424d98,0x0000000694680000)
 Metaspace       used 36963K, capacity 38214K, committed 38528K, reserved 1083392K
  class space    used 4988K, capacity 5233K, committed 5248K, reserved 1048576K
}
Event: 15.926 GC heap before
{Heap before GC invocations=18 (full 3):
 PSYoungGen      total 822784K, used 822592K [0x0000000755f00000, 0x000000078ec00000, 0x00000007c0000000)
  eden space 788992K, 100% used [0x0000000755f00000,0x0000000786180000,0x0000000786180000)
  from space 33792K, 99% used [0x000000078cb00000,0x000000078ebd0000,0x000000078ec00000)
  to   space 52224K, 0% used [0x0000000788600000,0x0000000788600000,0x000000078b900000)
 ParOldGen       total 305664K, used 106643K [0x0000000681c00000, 0x0000000694680000, 0x0000000755f00000)
  object space 305664K, 34% used [0x0000000681c00000,0x0000000688424d98,0x0000000694680000)
 Metaspace       used 36984K, capacity 38222K, committed 38528K, reserved 1083392K
  class space    used 4991K, capacity 5233K, committed 5248K, reserved 1048576K
Event: 15.976 GC heap after
Heap after GC invocations=18 (full 3):
 PSYoungGen      total 841216K, used 38368K [0x0000000755f00000, 0x000000078ec00000, 0x00000007c0000000)
  eden space 788992K, 0% used [0x0000000755f00000,0x0000000755f00000,0x0000000786180000)
  from space 52224K, 73% used [0x0000000788600000,0x000000078ab78000,0x000000078b900000)
  to   space 33792K, 0% used [0x000000078cb00000,0x000000078cb00000,0x000000078ec00000)
 ParOldGen       total 305664K, used 135142K [0x0000000681c00000, 0x0000000694680000, 0x0000000755f00000)
  object space 305664K, 44% used [0x0000000681c00000,0x0000000689ff9b20,0x0000000694680000)
 Metaspace       used 36984K, capacity 38222K, committed 38528K, reserved 1083392K
  class space    used 4991K, capacity 5233K, committed 5248K, reserved 1048576K
}
Event: 17.290 GC heap before
{Heap before GC invocations=19 (full 3):
 PSYoungGen      total 841216K, used 827360K [0x0000000755f00000, 0x000000078ec00000, 0x00000007c0000000)
  eden space 788992K, 100% used [0x0000000755f00000,0x0000000786180000,0x0000000786180000)
  from space 52224K, 73% used [0x0000000788600000,0x000000078ab78000,0x000000078b900000)
  to   space 33792K, 0% used [0x000000078cb00000,0x000000078cb00000,0x000000078ec00000)
 ParOldGen       total 305664K, used 135142K [0x0000000681c00000, 0x0000000694680000, 0x0000000755f00000)
  object space 305664K, 44% used [0x0000000681c00000,0x0000000689ff9b20,0x0000000694680000)
 Metaspace       used 36984K, capacity 38222K, committed 38528K, reserved 1083392K
  class space    used 4991K, capacity 5233K, committed 5248K, reserved 1048576K
Event: 17.344 GC heap after
Heap after GC invocations=19 (full 3):
 PSYoungGen      total 822784K, used 33792K [0x0000000755f00000, 0x000000078ec00000, 0x00000007c0000000)
  eden space 788992K, 0% used [0x0000000755f00000,0x0000000755f00000,0x0000000786180000)
  from space 33792K, 100% used [0x000000078cb00000,0x000000078ec00000,0x000000078ec00000)
  to   space 52224K, 0% used [0x0000000788600000,0x0000000788600000,0x000000078b900000)
 ParOldGen       total 305664K, used 171347K [0x0000000681c00000, 0x0000000694680000, 0x0000000755f00000)
  object space 305664K, 56% used [0x0000000681c00000,0x000000068c354ca8,0x0000000694680000)
 Metaspace       used 36984K, capacity 38222K, committed 38528K, reserved 1083392K
  class space    used 4991K, capacity 5233K, committed 5248K, reserved 1048576K
}
Event: 18.054 GC heap before
{Heap before GC invocations=20 (full 3):
 PSYoungGen      total 822784K, used 822784K [0x0000000755f00000, 0x000000078ec00000, 0x00000007c0000000)
  eden space 788992K, 100% used [0x0000000755f00000,0x0000000786180000,0x0000000786180000)
  from space 33792K, 100% used [0x000000078cb00000,0x000000078ec00000,0x000000078ec00000)
  to   space 52224K, 0% used [0x0000000788600000,0x0000000788600000,0x000000078b900000)
 ParOldGen       total 305664K, used 171347K [0x0000000681c00000, 0x0000000694680000, 0x0000000755f00000)
  object space 305664K, 56% used [0x0000000681c00000,0x000000068c354ca8,0x0000000694680000)
 Metaspace       used 36987K, capacity 38230K, committed 38528K, reserved 1083392K
  class space    used 4991K, capacity 5233K, committed 5248K, reserved 1048576K
Event: 18.101 GC heap after
Heap after GC invocations=20 (full 3):
 PSYoungGen      total 841216K, used 36896K [0x0000000755f00000, 0x000000078ec00000, 0x00000007c0000000)
  eden space 788992K, 0% used [0x0000000755f00000,0x0000000755f00000,0x0000000786180000)
  from space 52224K, 70% used [0x0000000788600000,0x000000078aa08000,0x000000078b900000)
  to   space 33792K, 0% used [0x000000078cb00000,0x000000078cb00000,0x000000078ec00000)
 ParOldGen       total 305664K, used 203377K [0x0000000681c00000, 0x0000000694680000, 0x0000000755f00000)
  object space 305664K, 66% used [0x0000000681c00000,0x000000068e29c400,0x0000000694680000)
 Metaspace       used 36987K, capacity 38230K, committed 38528K, reserved 1083392K
  class space    used 4991K, capacity 5233K, committed 5248K, reserved 1048576K
}
Event: 18.988 GC heap before
{Heap before GC invocations=21 (full 3):
 PSYoungGen      total 841216K, used 825888K [0x0000000755f00000, 0x000000078ec00000, 0x00000007c0000000)
  eden space 788992K, 100% used [0x0000000755f00000,0x0000000786180000,0x0000000786180000)
  from space 52224K, 70% used [0x0000000788600000,0x000000078aa08000,0x000000078b900000)
  to   space 33792K, 0% used [0x000000078cb00000,0x000000078cb00000,0x000000078ec00000)
 ParOldGen       total 305664K, used 203377K [0x0000000681c00000, 0x0000000694680000, 0x0000000755f00000)
  object space 305664K, 66% used [0x0000000681c00000,0x000000068e29c400,0x0000000694680000)
 Metaspace       used 36988K, capacity 38230K, committed 38528K, reserved 1083392K
  class space    used 4992K, capacity 5233K, committed 5248K, reserved 1048576K
Event: 19.048 GC heap after
Heap after GC invocations=21 (full 3):
 PSYoungGen      total 853504K, used 33760K [0x0000000755f00000, 0x000000079d300000, 0x00000007c0000000)
  eden space 819712K, 0% used [0x0000000755f00000,0x0000000755f00000,0x0000000787f80000)
  from space 33792K, 99% used [0x000000078cb00000,0x000000078ebf8020,0x000000078ec00000)
  to   space 77312K, 0% used [0x0000000787f80000,0x0000000787f80000,0x000000078cb00000)
 ParOldGen       total 305664K, used 238376K [0x0000000681c00000, 0x0000000694680000, 0x0000000755f00000)
  object space 305664K, 77% used [0x0000000681c00000,0x00000006904ca2d8,0x0000000694680000)
 Metaspace       used 36988K, capacity 38230K, committed 38528K, reserved 1083392K
  class space    used 4992K, capacity 5233K, committed 5248K, reserved 1048576K
}

